{"/Users/iandavis/Desktop/Projects/OswaldOperationSpan/oswald_operation_span/frontend/src/App.js": {"path":"/Users/iandavis/Desktop/Projects/OswaldOperationSpan/oswald_operation_span/frontend/src/App.js","statementMap":{"0":{"start":{"line":4,"column":4},"end":{"line":20,"column":11}}},"fnMap":{"0":{"name":"App","decl":{"start":{"line":3,"column":9},"end":{"line":3,"column":12}},"loc":{"start":{"line":3,"column":15},"end":{"line":21,"column":1}},"line":3}},"branchMap":{},"s":{"0":1},"f":{"0":1},"b":{},"_coverageSchema":"1a1c01bbd47fc00a2c39e90264f33305004495a9","hash":"5e39dc06834cd147863bca98b40aa21e5435939c"}
,"/Users/iandavis/Desktop/Projects/OswaldOperationSpan/oswald_operation_span/frontend/src/index.js": {"path":"/Users/iandavis/Desktop/Projects/OswaldOperationSpan/oswald_operation_span/frontend/src/index.js","statementMap":{"0":{"start":{"line":6,"column":0},"end":{"line":11,"column":2}},"1":{"start":{"line":16,"column":0},"end":{"line":16,"column":18}}},"fnMap":{},"branchMap":{},"s":{"0":0,"1":0},"f":{},"b":{}}
,"/Users/iandavis/Desktop/Projects/OswaldOperationSpan/oswald_operation_span/frontend/src/reportWebVitals.js": {"path":"/Users/iandavis/Desktop/Projects/OswaldOperationSpan/oswald_operation_span/frontend/src/reportWebVitals.js","statementMap":{"0":{"start":{"line":1,"column":24},"end":{"line":11,"column":1}},"1":{"start":{"line":2,"column":2},"end":{"line":10,"column":3}},"2":{"start":{"line":3,"column":4},"end":{"line":9,"column":7}},"3":{"start":{"line":4,"column":6},"end":{"line":4,"column":26}},"4":{"start":{"line":5,"column":6},"end":{"line":5,"column":26}},"5":{"start":{"line":6,"column":6},"end":{"line":6,"column":26}},"6":{"start":{"line":7,"column":6},"end":{"line":7,"column":26}},"7":{"start":{"line":8,"column":6},"end":{"line":8,"column":27}}},"fnMap":{"0":{"name":"(anonymous_0)","decl":{"start":{"line":1,"column":24},"end":{"line":1,"column":25}},"loc":{"start":{"line":1,"column":39},"end":{"line":11,"column":1}},"line":1},"1":{"name":"(anonymous_1)","decl":{"start":{"line":3,"column":30},"end":{"line":3,"column":31}},"loc":{"start":{"line":3,"column":79},"end":{"line":9,"column":5}},"line":3}},"branchMap":{"0":{"loc":{"start":{"line":2,"column":2},"end":{"line":10,"column":3}},"type":"if","locations":[{"start":{"line":2,"column":2},"end":{"line":10,"column":3}},{"start":{},"end":{}}],"line":2},"1":{"loc":{"start":{"line":2,"column":6},"end":{"line":2,"column":52}},"type":"binary-expr","locations":[{"start":{"line":2,"column":6},"end":{"line":2,"column":17}},{"start":{"line":2,"column":21},"end":{"line":2,"column":52}}],"line":2}},"s":{"0":0,"1":0,"2":0,"3":0,"4":0,"5":0,"6":0,"7":0},"f":{"0":0,"1":0},"b":{"0":[0,0],"1":[0,0]}}
,"/Users/iandavis/Desktop/Projects/OswaldOperationSpan/oswald_operation_span/frontend/src/events/AppEvent.ts": {"path":"/Users/iandavis/Desktop/Projects/OswaldOperationSpan/oswald_operation_span/frontend/src/events/AppEvent.ts","statementMap":{"0":{"start":{"line":15,"column":8},"end":{"line":15,"column":35}},"1":{"start":{"line":23,"column":8},"end":{"line":23,"column":54}},"2":{"start":{"line":25,"column":8},"end":{"line":25,"column":29}},"3":{"start":{"line":33,"column":8},"end":{"line":33,"column":55}},"4":{"start":{"line":34,"column":8},"end":{"line":34,"column":29}},"5":{"start":{"line":44,"column":8},"end":{"line":44,"column":51}},"6":{"start":{"line":46,"column":8},"end":{"line":46,"column":37}},"7":{"start":{"line":47,"column":8},"end":{"line":47,"column":41}},"8":{"start":{"line":48,"column":8},"end":{"line":48,"column":45}},"9":{"start":{"line":57,"column":8},"end":{"line":57,"column":48}},"10":{"start":{"line":59,"column":8},"end":{"line":59,"column":37}},"11":{"start":{"line":60,"column":8},"end":{"line":60,"column":41}}},"fnMap":{"0":{"name":"(anonymous_0)","decl":{"start":{"line":14,"column":4},"end":{"line":14,"column":5}},"loc":{"start":{"line":14,"column":51},"end":{"line":16,"column":5}},"line":14},"1":{"name":"(anonymous_1)","decl":{"start":{"line":22,"column":4},"end":{"line":22,"column":5}},"loc":{"start":{"line":22,"column":38},"end":{"line":26,"column":5}},"line":22},"2":{"name":"(anonymous_2)","decl":{"start":{"line":32,"column":4},"end":{"line":32,"column":5}},"loc":{"start":{"line":32,"column":36},"end":{"line":35,"column":5}},"line":32},"3":{"name":"(anonymous_3)","decl":{"start":{"line":43,"column":4},"end":{"line":43,"column":5}},"loc":{"start":{"line":43,"column":92},"end":{"line":49,"column":5}},"line":43},"4":{"name":"(anonymous_4)","decl":{"start":{"line":56,"column":4},"end":{"line":56,"column":5}},"loc":{"start":{"line":56,"column":68},"end":{"line":61,"column":5}},"line":56}},"branchMap":{},"s":{"0":0,"1":0,"2":0,"3":0,"4":0,"5":0,"6":0,"7":0,"8":0,"9":0,"10":0,"11":0},"f":{"0":0,"1":0,"2":0,"3":0,"4":0},"b":{}}
,"/Users/iandavis/Desktop/Projects/OswaldOperationSpan/oswald_operation_span/frontend/src/events/ExperimentEvent.ts": {"path":"/Users/iandavis/Desktop/Projects/OswaldOperationSpan/oswald_operation_span/frontend/src/events/ExperimentEvent.ts","statementMap":{"0":{"start":{"line":30,"column":8},"end":{"line":30,"column":35}},"1":{"start":{"line":36,"column":8},"end":{"line":36,"column":45}},"2":{"start":{"line":47,"column":8},"end":{"line":47,"column":48}},"3":{"start":{"line":48,"column":8},"end":{"line":48,"column":45}},"4":{"start":{"line":49,"column":8},"end":{"line":49,"column":45}},"5":{"start":{"line":50,"column":8},"end":{"line":50,"column":31}},"6":{"start":{"line":51,"column":8},"end":{"line":51,"column":45}},"7":{"start":{"line":57,"column":8},"end":{"line":57,"column":55}},"8":{"start":{"line":63,"column":8},"end":{"line":63,"column":52}}},"fnMap":{"0":{"name":"(anonymous_0)","decl":{"start":{"line":29,"column":4},"end":{"line":29,"column":5}},"loc":{"start":{"line":29,"column":48},"end":{"line":31,"column":5}},"line":29},"1":{"name":"(anonymous_1)","decl":{"start":{"line":35,"column":4},"end":{"line":35,"column":5}},"loc":{"start":{"line":35,"column":18},"end":{"line":37,"column":5}},"line":35},"2":{"name":"(anonymous_2)","decl":{"start":{"line":46,"column":4},"end":{"line":46,"column":5}},"loc":{"start":{"line":46,"column":105},"end":{"line":52,"column":5}},"line":46},"3":{"name":"(anonymous_3)","decl":{"start":{"line":56,"column":4},"end":{"line":56,"column":5}},"loc":{"start":{"line":56,"column":18},"end":{"line":58,"column":5}},"line":56},"4":{"name":"(anonymous_4)","decl":{"start":{"line":62,"column":4},"end":{"line":62,"column":5}},"loc":{"start":{"line":62,"column":18},"end":{"line":64,"column":5}},"line":62}},"branchMap":{},"s":{"0":0,"1":0,"2":0,"3":0,"4":0,"5":0,"6":0,"7":0,"8":0},"f":{"0":0,"1":0,"2":0,"3":0,"4":0},"b":{}}
,"/Users/iandavis/Desktop/Projects/OswaldOperationSpan/oswald_operation_span/frontend/src/events/InstructionsEvents.ts": {"path":"/Users/iandavis/Desktop/Projects/OswaldOperationSpan/oswald_operation_span/frontend/src/events/InstructionsEvents.ts","statementMap":{"0":{"start":{"line":5,"column":8},"end":{"line":5,"column":64}},"1":{"start":{"line":11,"column":8},"end":{"line":11,"column":64}},"2":{"start":{"line":17,"column":8},"end":{"line":17,"column":66}},"3":{"start":{"line":23,"column":8},"end":{"line":23,"column":66}},"4":{"start":{"line":29,"column":8},"end":{"line":29,"column":66}},"5":{"start":{"line":35,"column":8},"end":{"line":35,"column":66}},"6":{"start":{"line":41,"column":8},"end":{"line":41,"column":66}},"7":{"start":{"line":47,"column":8},"end":{"line":47,"column":60}}},"fnMap":{"0":{"name":"(anonymous_0)","decl":{"start":{"line":4,"column":4},"end":{"line":4,"column":5}},"loc":{"start":{"line":4,"column":18},"end":{"line":6,"column":5}},"line":4},"1":{"name":"(anonymous_1)","decl":{"start":{"line":10,"column":4},"end":{"line":10,"column":5}},"loc":{"start":{"line":10,"column":18},"end":{"line":12,"column":5}},"line":10},"2":{"name":"(anonymous_2)","decl":{"start":{"line":16,"column":4},"end":{"line":16,"column":5}},"loc":{"start":{"line":16,"column":18},"end":{"line":18,"column":5}},"line":16},"3":{"name":"(anonymous_3)","decl":{"start":{"line":22,"column":4},"end":{"line":22,"column":5}},"loc":{"start":{"line":22,"column":18},"end":{"line":24,"column":5}},"line":22},"4":{"name":"(anonymous_4)","decl":{"start":{"line":28,"column":4},"end":{"line":28,"column":5}},"loc":{"start":{"line":28,"column":18},"end":{"line":30,"column":5}},"line":28},"5":{"name":"(anonymous_5)","decl":{"start":{"line":34,"column":4},"end":{"line":34,"column":5}},"loc":{"start":{"line":34,"column":18},"end":{"line":36,"column":5}},"line":34},"6":{"name":"(anonymous_6)","decl":{"start":{"line":40,"column":4},"end":{"line":40,"column":5}},"loc":{"start":{"line":40,"column":18},"end":{"line":42,"column":5}},"line":40},"7":{"name":"(anonymous_7)","decl":{"start":{"line":46,"column":4},"end":{"line":46,"column":5}},"loc":{"start":{"line":46,"column":18},"end":{"line":48,"column":5}},"line":46}},"branchMap":{},"s":{"0":0,"1":0,"2":0,"3":0,"4":0,"5":0,"6":0,"7":0},"f":{"0":0,"1":0,"2":0,"3":0,"4":0,"5":0,"6":0,"7":0},"b":{}}
,"/Users/iandavis/Desktop/Projects/OswaldOperationSpan/oswald_operation_span/frontend/src/events/LetterEvents.ts": {"path":"/Users/iandavis/Desktop/Projects/OswaldOperationSpan/oswald_operation_span/frontend/src/events/LetterEvents.ts","statementMap":{"0":{"start":{"line":5,"column":8},"end":{"line":5,"column":59}},"1":{"start":{"line":13,"column":8},"end":{"line":13,"column":47}},"2":{"start":{"line":14,"column":8},"end":{"line":14,"column":29}},"3":{"start":{"line":20,"column":8},"end":{"line":20,"column":47}},"4":{"start":{"line":26,"column":8},"end":{"line":26,"column":45}},"5":{"start":{"line":34,"column":8},"end":{"line":34,"column":50}},"6":{"start":{"line":35,"column":8},"end":{"line":35,"column":39}}},"fnMap":{"0":{"name":"(anonymous_0)","decl":{"start":{"line":4,"column":4},"end":{"line":4,"column":5}},"loc":{"start":{"line":4,"column":18},"end":{"line":6,"column":5}},"line":4},"1":{"name":"(anonymous_1)","decl":{"start":{"line":12,"column":4},"end":{"line":12,"column":5}},"loc":{"start":{"line":12,"column":32},"end":{"line":15,"column":5}},"line":12},"2":{"name":"(anonymous_2)","decl":{"start":{"line":19,"column":4},"end":{"line":19,"column":5}},"loc":{"start":{"line":19,"column":18},"end":{"line":21,"column":5}},"line":19},"3":{"name":"(anonymous_3)","decl":{"start":{"line":25,"column":4},"end":{"line":25,"column":5}},"loc":{"start":{"line":25,"column":18},"end":{"line":27,"column":5}},"line":25},"4":{"name":"(anonymous_4)","decl":{"start":{"line":33,"column":4},"end":{"line":33,"column":5}},"loc":{"start":{"line":33,"column":44},"end":{"line":36,"column":5}},"line":33}},"branchMap":{},"s":{"0":0,"1":0,"2":0,"3":0,"4":0,"5":0,"6":0},"f":{"0":0,"1":0,"2":0,"3":0,"4":0},"b":{}}
,"/Users/iandavis/Desktop/Projects/OswaldOperationSpan/oswald_operation_span/frontend/src/events/SentenceEvents.ts": {"path":"/Users/iandavis/Desktop/Projects/OswaldOperationSpan/oswald_operation_span/frontend/src/events/SentenceEvents.ts","statementMap":{"0":{"start":{"line":5,"column":8},"end":{"line":5,"column":61}},"1":{"start":{"line":14,"column":8},"end":{"line":14,"column":49}},"2":{"start":{"line":15,"column":8},"end":{"line":15,"column":33}},"3":{"start":{"line":16,"column":8},"end":{"line":16,"column":49}},"4":{"start":{"line":26,"column":8},"end":{"line":26,"column":49}},"5":{"start":{"line":27,"column":8},"end":{"line":27,"column":33}},"6":{"start":{"line":28,"column":8},"end":{"line":28,"column":49}},"7":{"start":{"line":29,"column":8},"end":{"line":29,"column":51}},"8":{"start":{"line":38,"column":8},"end":{"line":38,"column":54}},"9":{"start":{"line":39,"column":8},"end":{"line":39,"column":33}},"10":{"start":{"line":40,"column":8},"end":{"line":40,"column":49}},"11":{"start":{"line":51,"column":8},"end":{"line":51,"column":58}},"12":{"start":{"line":52,"column":8},"end":{"line":52,"column":33}},"13":{"start":{"line":53,"column":8},"end":{"line":53,"column":49}},"14":{"start":{"line":54,"column":8},"end":{"line":54,"column":33}},"15":{"start":{"line":55,"column":8},"end":{"line":55,"column":51}}},"fnMap":{"0":{"name":"(anonymous_0)","decl":{"start":{"line":4,"column":4},"end":{"line":4,"column":5}},"loc":{"start":{"line":4,"column":18},"end":{"line":6,"column":5}},"line":4},"1":{"name":"(anonymous_1)","decl":{"start":{"line":13,"column":4},"end":{"line":13,"column":5}},"loc":{"start":{"line":13,"column":61},"end":{"line":17,"column":5}},"line":13},"2":{"name":"(anonymous_2)","decl":{"start":{"line":25,"column":4},"end":{"line":25,"column":5}},"loc":{"start":{"line":25,"column":88},"end":{"line":30,"column":5}},"line":25},"3":{"name":"(anonymous_3)","decl":{"start":{"line":37,"column":4},"end":{"line":37,"column":5}},"loc":{"start":{"line":37,"column":61},"end":{"line":41,"column":5}},"line":37},"4":{"name":"(anonymous_4)","decl":{"start":{"line":50,"column":4},"end":{"line":50,"column":5}},"loc":{"start":{"line":50,"column":107},"end":{"line":56,"column":5}},"line":50}},"branchMap":{},"s":{"0":0,"1":0,"2":0,"3":0,"4":0,"5":0,"6":0,"7":0,"8":0,"9":0,"10":0,"11":0,"12":0,"13":0,"14":0,"15":0},"f":{"0":0,"1":0,"2":0,"3":0,"4":0},"b":{}}
,"/Users/iandavis/Desktop/Projects/OswaldOperationSpan/oswald_operation_span/frontend/src/letters/LetterBlocBuilder.tsx": {"path":"/Users/iandavis/Desktop/Projects/OswaldOperationSpan/oswald_operation_span/frontend/src/letters/LetterBlocBuilder.tsx","statementMap":{"0":{"start":{"line":16,"column":8},"end":{"line":43,"column":26}},"1":{"start":{"line":20,"column":20},"end":{"line":20,"column":112}},"2":{"start":{"line":21,"column":20},"end":{"line":43,"column":21}},"3":{"start":{"line":23,"column":28},"end":{"line":23,"column":78}},"4":{"start":{"line":25,"column":28},"end":{"line":25,"column":78}},"5":{"start":{"line":27,"column":28},"end":{"line":27,"column":78}},"6":{"start":{"line":29,"column":28},"end":{"line":29,"column":97}},"7":{"start":{"line":31,"column":28},"end":{"line":31,"column":45}},"8":{"start":{"line":33,"column":28},"end":{"line":33,"column":73}},"9":{"start":{"line":35,"column":47},"end":{"line":35,"column":90}},"10":{"start":{"line":36,"column":28},"end":{"line":40,"column":30}},"11":{"start":{"line":42,"column":28},"end":{"line":42,"column":80}}},"fnMap":{"0":{"name":"LetterBlocBuilder","decl":{"start":{"line":15,"column":24},"end":{"line":15,"column":41}},"loc":{"start":{"line":15,"column":70},"end":{"line":44,"column":1}},"line":15},"1":{"name":"(anonymous_1)","decl":{"start":{"line":19,"column":16},"end":{"line":19,"column":17}},"loc":{"start":{"line":19,"column":44},"end":{"line":43,"column":22}},"line":19}},"branchMap":{"0":{"loc":{"start":{"line":21,"column":20},"end":{"line":43,"column":21}},"type":"switch","locations":[{"start":{"line":22,"column":24},"end":{"line":23,"column":78}},{"start":{"line":24,"column":24},"end":{"line":25,"column":78}},{"start":{"line":26,"column":24},"end":{"line":27,"column":78}},{"start":{"line":28,"column":24},"end":{"line":29,"column":97}},{"start":{"line":30,"column":24},"end":{"line":31,"column":45}},{"start":{"line":32,"column":24},"end":{"line":33,"column":73}},{"start":{"line":34,"column":24},"end":{"line":40,"column":30}},{"start":{"line":41,"column":24},"end":{"line":42,"column":80}}],"line":21}},"s":{"0":0,"1":0,"2":0,"3":0,"4":0,"5":0,"6":0,"7":0,"8":0,"9":0,"10":0,"11":0},"f":{"0":0,"1":0},"b":{"0":[0,0,0,0,0,0,0,0]}}
,"/Users/iandavis/Desktop/Projects/OswaldOperationSpan/oswald_operation_span/frontend/src/letters/LetterGridView.js": {"path":"/Users/iandavis/Desktop/Projects/OswaldOperationSpan/oswald_operation_span/frontend/src/letters/LetterGridView.js","statementMap":{"0":{"start":{"line":7,"column":8},"end":{"line":7,"column":21}},"1":{"start":{"line":9,"column":8},"end":{"line":9,"column":63}},"2":{"start":{"line":10,"column":8},"end":{"line":10,"column":59}},"3":{"start":{"line":11,"column":8},"end":{"line":11,"column":63}},"4":{"start":{"line":12,"column":8},"end":{"line":12,"column":61}},"5":{"start":{"line":14,"column":8},"end":{"line":19,"column":9}},"6":{"start":{"line":21,"column":8},"end":{"line":23,"column":9}},"7":{"start":{"line":27,"column":26},"end":{"line":27,"column":28}},"8":{"start":{"line":28,"column":33},"end":{"line":28,"column":35}},"9":{"start":{"line":30,"column":8},"end":{"line":56,"column":9}},"10":{"start":{"line":30,"column":19},"end":{"line":30,"column":20}},"11":{"start":{"line":31,"column":28},"end":{"line":31,"column":40}},"12":{"start":{"line":32,"column":22},"end":{"line":32,"column":24}},"13":{"start":{"line":34,"column":12},"end":{"line":49,"column":13}},"14":{"start":{"line":34,"column":23},"end":{"line":34,"column":24}},"15":{"start":{"line":35,"column":29},"end":{"line":35,"column":41}},"16":{"start":{"line":36,"column":34},"end":{"line":36,"column":80}},"17":{"start":{"line":37,"column":37},"end":{"line":37,"column":55}},"18":{"start":{"line":39,"column":16},"end":{"line":48,"column":18}},"19":{"start":{"line":44,"column":51},"end":{"line":44,"column":79}},"20":{"start":{"line":51,"column":12},"end":{"line":55,"column":14}},"21":{"start":{"line":58,"column":8},"end":{"line":74,"column":9}},"22":{"start":{"line":58,"column":19},"end":{"line":58,"column":20}},"23":{"start":{"line":59,"column":12},"end":{"line":72,"column":13}},"24":{"start":{"line":60,"column":16},"end":{"line":64,"column":17}},"25":{"start":{"line":66,"column":29},"end":{"line":66,"column":62}},"26":{"start":{"line":67,"column":16},"end":{"line":71,"column":17}},"27":{"start":{"line":76,"column":8},"end":{"line":98,"column":10}},"28":{"start":{"line":102,"column":8},"end":{"line":102,"column":34}},"29":{"start":{"line":106,"column":26},"end":{"line":106,"column":56}},"30":{"start":{"line":107,"column":8},"end":{"line":107,"column":33}},"31":{"start":{"line":108,"column":8},"end":{"line":108,"column":52}},"32":{"start":{"line":109,"column":8},"end":{"line":109,"column":58}},"33":{"start":{"line":111,"column":8},"end":{"line":113,"column":10}},"34":{"start":{"line":117,"column":8},"end":{"line":119,"column":11}},"35":{"start":{"line":123,"column":8},"end":{"line":123,"column":84}},"36":{"start":{"line":128,"column":20},"end":{"line":128,"column":52}},"37":{"start":{"line":129,"column":15},"end":{"line":129,"column":27}},"38":{"start":{"line":137,"column":4},"end":{"line":138,"column":61}}},"fnMap":{"0":{"name":"(anonymous_0)","decl":{"start":{"line":6,"column":4},"end":{"line":6,"column":5}},"loc":{"start":{"line":6,"column":23},"end":{"line":24,"column":5}},"line":6},"1":{"name":"(anonymous_1)","decl":{"start":{"line":26,"column":4},"end":{"line":26,"column":5}},"loc":{"start":{"line":26,"column":13},"end":{"line":99,"column":5}},"line":26},"2":{"name":"(anonymous_2)","decl":{"start":{"line":44,"column":45},"end":{"line":44,"column":46}},"loc":{"start":{"line":44,"column":51},"end":{"line":44,"column":79}},"line":44},"3":{"name":"(anonymous_3)","decl":{"start":{"line":101,"column":4},"end":{"line":101,"column":5}},"loc":{"start":{"line":101,"column":21},"end":{"line":103,"column":5}},"line":101},"4":{"name":"(anonymous_4)","decl":{"start":{"line":105,"column":4},"end":{"line":105,"column":5}},"loc":{"start":{"line":105,"column":28},"end":{"line":114,"column":5}},"line":105},"5":{"name":"(anonymous_5)","decl":{"start":{"line":116,"column":4},"end":{"line":116,"column":5}},"loc":{"start":{"line":116,"column":20},"end":{"line":120,"column":5}},"line":116},"6":{"name":"(anonymous_6)","decl":{"start":{"line":122,"column":4},"end":{"line":122,"column":5}},"loc":{"start":{"line":122,"column":22},"end":{"line":124,"column":5}},"line":122},"7":{"name":"LetterButton","decl":{"start":{"line":127,"column":9},"end":{"line":127,"column":21}},"loc":{"start":{"line":127,"column":29},"end":{"line":139,"column":1}},"line":127}},"branchMap":{"0":{"loc":{"start":{"line":59,"column":12},"end":{"line":72,"column":13}},"type":"if","locations":[{"start":{"line":59,"column":12},"end":{"line":72,"column":13}},{"start":{"line":65,"column":19},"end":{"line":72,"column":13}}],"line":59}},"s":{"0":0,"1":0,"2":0,"3":0,"4":0,"5":0,"6":0,"7":0,"8":0,"9":0,"10":0,"11":0,"12":0,"13":0,"14":0,"15":0,"16":0,"17":0,"18":0,"19":0,"20":0,"21":0,"22":0,"23":0,"24":0,"25":0,"26":0,"27":0,"28":0,"29":0,"30":0,"31":0,"32":0,"33":0,"34":0,"35":0,"36":0,"37":0,"38":0},"f":{"0":0,"1":0,"2":0,"3":0,"4":0,"5":0,"6":0,"7":0},"b":{"0":[0,0]}}
,"/Users/iandavis/Desktop/Projects/OswaldOperationSpan/oswald_operation_span/frontend/src/letters/LetterInstructions1.js": {"path":"/Users/iandavis/Desktop/Projects/OswaldOperationSpan/oswald_operation_span/frontend/src/letters/LetterInstructions1.js","statementMap":{"0":{"start":{"line":8,"column":4},"end":{"line":8,"column":17}},"1":{"start":{"line":10,"column":4},"end":{"line":10,"column":71}},"2":{"start":{"line":14,"column":4},"end":{"line":25,"column":6}},"3":{"start":{"line":29,"column":4},"end":{"line":29,"column":63}}},"fnMap":{"0":{"name":"(anonymous_0)","decl":{"start":{"line":7,"column":2},"end":{"line":7,"column":3}},"loc":{"start":{"line":7,"column":21},"end":{"line":11,"column":3}},"line":7},"1":{"name":"(anonymous_1)","decl":{"start":{"line":13,"column":2},"end":{"line":13,"column":3}},"loc":{"start":{"line":13,"column":11},"end":{"line":26,"column":3}},"line":13},"2":{"name":"(anonymous_2)","decl":{"start":{"line":28,"column":2},"end":{"line":28,"column":3}},"loc":{"start":{"line":28,"column":26},"end":{"line":30,"column":3}},"line":28}},"branchMap":{},"s":{"0":0,"1":0,"2":0,"3":0},"f":{"0":0,"1":0,"2":0},"b":{}}
,"/Users/iandavis/Desktop/Projects/OswaldOperationSpan/oswald_operation_span/frontend/src/letters/LetterInstructions2.js": {"path":"/Users/iandavis/Desktop/Projects/OswaldOperationSpan/oswald_operation_span/frontend/src/letters/LetterInstructions2.js","statementMap":{"0":{"start":{"line":7,"column":4},"end":{"line":7,"column":17}},"1":{"start":{"line":9,"column":4},"end":{"line":9,"column":71}},"2":{"start":{"line":13,"column":4},"end":{"line":28,"column":6}},"3":{"start":{"line":32,"column":4},"end":{"line":32,"column":63}}},"fnMap":{"0":{"name":"(anonymous_0)","decl":{"start":{"line":6,"column":2},"end":{"line":6,"column":3}},"loc":{"start":{"line":6,"column":21},"end":{"line":10,"column":3}},"line":6},"1":{"name":"(anonymous_1)","decl":{"start":{"line":12,"column":2},"end":{"line":12,"column":3}},"loc":{"start":{"line":12,"column":11},"end":{"line":29,"column":3}},"line":12},"2":{"name":"(anonymous_2)","decl":{"start":{"line":31,"column":2},"end":{"line":31,"column":3}},"loc":{"start":{"line":31,"column":26},"end":{"line":33,"column":3}},"line":31}},"branchMap":{},"s":{"0":0,"1":0,"2":0,"3":0},"f":{"0":0,"1":0,"2":0},"b":{}}
,"/Users/iandavis/Desktop/Projects/OswaldOperationSpan/oswald_operation_span/frontend/src/letters/LetterInstructions3.js": {"path":"/Users/iandavis/Desktop/Projects/OswaldOperationSpan/oswald_operation_span/frontend/src/letters/LetterInstructions3.js","statementMap":{"0":{"start":{"line":7,"column":4},"end":{"line":7,"column":17}},"1":{"start":{"line":9,"column":4},"end":{"line":9,"column":71}},"2":{"start":{"line":13,"column":4},"end":{"line":35,"column":6}},"3":{"start":{"line":39,"column":4},"end":{"line":39,"column":58}}},"fnMap":{"0":{"name":"(anonymous_0)","decl":{"start":{"line":6,"column":2},"end":{"line":6,"column":3}},"loc":{"start":{"line":6,"column":21},"end":{"line":10,"column":3}},"line":6},"1":{"name":"(anonymous_1)","decl":{"start":{"line":12,"column":2},"end":{"line":12,"column":3}},"loc":{"start":{"line":12,"column":11},"end":{"line":36,"column":3}},"line":12},"2":{"name":"(anonymous_2)","decl":{"start":{"line":38,"column":2},"end":{"line":38,"column":3}},"loc":{"start":{"line":38,"column":26},"end":{"line":40,"column":3}},"line":38}},"branchMap":{},"s":{"0":0,"1":0,"2":0,"3":0},"f":{"0":0,"1":0,"2":0},"b":{}}
,"/Users/iandavis/Desktop/Projects/OswaldOperationSpan/oswald_operation_span/frontend/src/letters/LetterView.js": {"path":"/Users/iandavis/Desktop/Projects/OswaldOperationSpan/oswald_operation_span/frontend/src/letters/LetterView.js","statementMap":{"0":{"start":{"line":5,"column":8},"end":{"line":5,"column":21}},"1":{"start":{"line":7,"column":8},"end":{"line":9,"column":10}},"2":{"start":{"line":13,"column":8},"end":{"line":21,"column":10}}},"fnMap":{"0":{"name":"(anonymous_0)","decl":{"start":{"line":4,"column":4},"end":{"line":4,"column":5}},"loc":{"start":{"line":4,"column":23},"end":{"line":10,"column":5}},"line":4},"1":{"name":"(anonymous_1)","decl":{"start":{"line":12,"column":4},"end":{"line":12,"column":5}},"loc":{"start":{"line":12,"column":13},"end":{"line":22,"column":5}},"line":12}},"branchMap":{"0":{"loc":{"start":{"line":16,"column":24},"end":{"line":16,"column":69}},"type":"cond-expr","locations":[{"start":{"line":16,"column":45},"end":{"line":16,"column":47}},{"start":{"line":16,"column":50},"end":{"line":16,"column":69}}],"line":16}},"s":{"0":0,"1":0,"2":0},"f":{"0":0,"1":0},"b":{"0":[0,0]}}
,"/Users/iandavis/Desktop/Projects/OswaldOperationSpan/oswald_operation_span/frontend/src/letters/PracticeLetterBloc.ts": {"path":"/Users/iandavis/Desktop/Projects/OswaldOperationSpan/oswald_operation_span/frontend/src/letters/PracticeLetterBloc.ts","statementMap":{"0":{"start":{"line":28,"column":36},"end":{"line":28,"column":37}},"1":{"start":{"line":29,"column":29},"end":{"line":29,"column":30}},"2":{"start":{"line":30,"column":35},"end":{"line":30,"column":53}},"3":{"start":{"line":31,"column":43},"end":{"line":31,"column":45}},"4":{"start":{"line":35,"column":8},"end":{"line":35,"column":28}},"5":{"start":{"line":36,"column":8},"end":{"line":36,"column":31}},"6":{"start":{"line":40,"column":8},"end":{"line":40,"column":101}},"7":{"start":{"line":41,"column":8},"end":{"line":84,"column":9}},"8":{"start":{"line":43,"column":16},"end":{"line":43,"column":53}},"9":{"start":{"line":44,"column":16},"end":{"line":44,"column":22}},"10":{"start":{"line":46,"column":16},"end":{"line":46,"column":53}},"11":{"start":{"line":47,"column":16},"end":{"line":47,"column":22}},"12":{"start":{"line":49,"column":16},"end":{"line":50,"column":19}},"13":{"start":{"line":51,"column":16},"end":{"line":51,"column":22}},"14":{"start":{"line":53,"column":16},"end":{"line":53,"column":80}},"15":{"start":{"line":54,"column":16},"end":{"line":54,"column":22}},"16":{"start":{"line":56,"column":16},"end":{"line":56,"column":46}},"17":{"start":{"line":57,"column":16},"end":{"line":57,"column":22}},"18":{"start":{"line":59,"column":16},"end":{"line":59,"column":45}},"19":{"start":{"line":60,"column":16},"end":{"line":60,"column":22}},"20":{"start":{"line":62,"column":16},"end":{"line":62,"column":57}},"21":{"start":{"line":63,"column":35},"end":{"line":63,"column":62}},"22":{"start":{"line":64,"column":34},"end":{"line":64,"column":59}},"23":{"start":{"line":65,"column":36},"end":{"line":65,"column":37}},"24":{"start":{"line":67,"column":16},"end":{"line":78,"column":17}},"25":{"start":{"line":67,"column":29},"end":{"line":67,"column":30}},"26":{"start":{"line":68,"column":20},"end":{"line":70,"column":21}},"27":{"start":{"line":69,"column":24},"end":{"line":69,"column":30}},"28":{"start":{"line":72,"column":41},"end":{"line":72,"column":67}},"29":{"start":{"line":73,"column":39},"end":{"line":73,"column":60}},"30":{"start":{"line":75,"column":20},"end":{"line":77,"column":21}},"31":{"start":{"line":76,"column":24},"end":{"line":76,"column":40}},"32":{"start":{"line":80,"column":16},"end":{"line":81,"column":19}},"33":{"start":{"line":82,"column":16},"end":{"line":82,"column":89}},"34":{"start":{"line":83,"column":16},"end":{"line":83,"column":22}},"35":{"start":{"line":88,"column":8},"end":{"line":97,"column":9}},"36":{"start":{"line":88,"column":21},"end":{"line":88,"column":22}},"37":{"start":{"line":89,"column":12},"end":{"line":89,"column":67}},"38":{"start":{"line":90,"column":25},"end":{"line":90,"column":76}},"39":{"start":{"line":91,"column":12},"end":{"line":91,"column":44}},"40":{"start":{"line":92,"column":12},"end":{"line":92,"column":121}},"41":{"start":{"line":93,"column":12},"end":{"line":93,"column":50}},"42":{"start":{"line":94,"column":12},"end":{"line":94,"column":29}},"43":{"start":{"line":95,"column":12},"end":{"line":95,"column":44}},"44":{"start":{"line":96,"column":12},"end":{"line":96,"column":28}},"45":{"start":{"line":99,"column":8},"end":{"line":99,"column":38}},"46":{"start":{"line":103,"column":8},"end":{"line":103,"column":93}},"47":{"start":{"line":104,"column":8},"end":{"line":104,"column":32}},"48":{"start":{"line":106,"column":8},"end":{"line":106,"column":25}},"49":{"start":{"line":108,"column":8},"end":{"line":115,"column":9}},"50":{"start":{"line":109,"column":12},"end":{"line":109,"column":26}},"51":{"start":{"line":110,"column":12},"end":{"line":110,"column":82}},"52":{"start":{"line":111,"column":12},"end":{"line":111,"column":55}},"53":{"start":{"line":113,"column":12},"end":{"line":113,"column":62}},"54":{"start":{"line":114,"column":12},"end":{"line":114,"column":76}}},"fnMap":{"0":{"name":"(anonymous_0)","decl":{"start":{"line":34,"column":4},"end":{"line":34,"column":5}},"loc":{"start":{"line":34,"column":98},"end":{"line":37,"column":5}},"line":34},"1":{"name":"(anonymous_1)","decl":{"start":{"line":39,"column":4},"end":{"line":39,"column":5}},"loc":{"start":{"line":39,"column":91},"end":{"line":85,"column":5}},"line":39},"2":{"name":"(anonymous_2)","decl":{"start":{"line":49,"column":45},"end":{"line":49,"column":46}},"loc":{"start":{"line":49,"column":51},"end":{"line":50,"column":17}},"line":49},"3":{"name":"(anonymous_3)","decl":{"start":{"line":80,"column":55},"end":{"line":80,"column":56}},"loc":{"start":{"line":80,"column":61},"end":{"line":81,"column":17}},"line":80},"4":{"name":"(anonymous_4)","decl":{"start":{"line":87,"column":4},"end":{"line":87,"column":5}},"loc":{"start":{"line":87,"column":29},"end":{"line":100,"column":5}},"line":87},"5":{"name":"(anonymous_5)","decl":{"start":{"line":102,"column":4},"end":{"line":102,"column":5}},"loc":{"start":{"line":102,"column":56},"end":{"line":116,"column":5}},"line":102}},"branchMap":{"0":{"loc":{"start":{"line":34,"column":34},"end":{"line":34,"column":96}},"type":"default-arg","locations":[{"start":{"line":34,"column":66},"end":{"line":34,"column":96}}],"line":34},"1":{"loc":{"start":{"line":41,"column":8},"end":{"line":84,"column":9}},"type":"switch","locations":[{"start":{"line":42,"column":12},"end":{"line":44,"column":22}},{"start":{"line":45,"column":12},"end":{"line":47,"column":22}},{"start":{"line":48,"column":12},"end":{"line":51,"column":22}},{"start":{"line":52,"column":12},"end":{"line":54,"column":22}},{"start":{"line":55,"column":12},"end":{"line":57,"column":22}},{"start":{"line":58,"column":12},"end":{"line":60,"column":22}},{"start":{"line":61,"column":12},"end":{"line":83,"column":22}}],"line":41},"2":{"loc":{"start":{"line":68,"column":20},"end":{"line":70,"column":21}},"type":"if","locations":[{"start":{"line":68,"column":20},"end":{"line":70,"column":21}},{"start":{},"end":{}}],"line":68},"3":{"loc":{"start":{"line":75,"column":20},"end":{"line":77,"column":21}},"type":"if","locations":[{"start":{"line":75,"column":20},"end":{"line":77,"column":21}},{"start":{},"end":{}}],"line":75},"4":{"loc":{"start":{"line":108,"column":8},"end":{"line":115,"column":9}},"type":"if","locations":[{"start":{"line":108,"column":8},"end":{"line":115,"column":9}},{"start":{"line":112,"column":15},"end":{"line":115,"column":9}}],"line":108}},"s":{"0":0,"1":0,"2":0,"3":0,"4":0,"5":0,"6":0,"7":0,"8":0,"9":0,"10":0,"11":0,"12":0,"13":0,"14":0,"15":0,"16":0,"17":0,"18":0,"19":0,"20":0,"21":0,"22":0,"23":0,"24":0,"25":0,"26":0,"27":0,"28":0,"29":0,"30":0,"31":0,"32":0,"33":0,"34":0,"35":0,"36":0,"37":0,"38":0,"39":0,"40":0,"41":0,"42":0,"43":0,"44":0,"45":0,"46":0,"47":0,"48":0,"49":0,"50":0,"51":0,"52":0,"53":0,"54":0},"f":{"0":0,"1":0,"2":0,"3":0,"4":0,"5":0},"b":{"0":[0],"1":[0,0,0,0,0,0,0],"2":[0,0],"3":[0,0],"4":[0,0]}}
,"/Users/iandavis/Desktop/Projects/OswaldOperationSpan/oswald_operation_span/frontend/src/results/LetterResult.ts": {"path":"/Users/iandavis/Desktop/Projects/OswaldOperationSpan/oswald_operation_span/frontend/src/results/LetterResult.ts","statementMap":{"0":{"start":{"line":2,"column":49},"end":{"line":2,"column":51}},"1":{"start":{"line":3,"column":49},"end":{"line":3,"column":51}},"2":{"start":{"line":4,"column":35},"end":{"line":4,"column":36}},"3":{"start":{"line":5,"column":34},"end":{"line":5,"column":35}},"4":{"start":{"line":8,"column":8},"end":{"line":8,"column":108}},"5":{"start":{"line":9,"column":28},"end":{"line":9,"column":29}},"6":{"start":{"line":11,"column":8},"end":{"line":23,"column":9}},"7":{"start":{"line":11,"column":19},"end":{"line":11,"column":20}},"8":{"start":{"line":12,"column":12},"end":{"line":15,"column":13}},"9":{"start":{"line":14,"column":16},"end":{"line":14,"column":22}},"10":{"start":{"line":17,"column":33},"end":{"line":17,"column":49}},"11":{"start":{"line":18,"column":31},"end":{"line":18,"column":47}},"12":{"start":{"line":20,"column":12},"end":{"line":22,"column":13}},"13":{"start":{"line":21,"column":16},"end":{"line":21,"column":32}},"14":{"start":{"line":25,"column":8},"end":{"line":25,"column":47}},"15":{"start":{"line":26,"column":8},"end":{"line":26,"column":47}},"16":{"start":{"line":27,"column":8},"end":{"line":27,"column":44}},"17":{"start":{"line":28,"column":8},"end":{"line":28,"column":50}}},"fnMap":{"0":{"name":"(anonymous_0)","decl":{"start":{"line":7,"column":4},"end":{"line":7,"column":5}},"loc":{"start":{"line":7,"column":74},"end":{"line":29,"column":5}},"line":7}},"branchMap":{"0":{"loc":{"start":{"line":12,"column":12},"end":{"line":15,"column":13}},"type":"if","locations":[{"start":{"line":12,"column":12},"end":{"line":15,"column":13}},{"start":{},"end":{}}],"line":12},"1":{"loc":{"start":{"line":20,"column":12},"end":{"line":22,"column":13}},"type":"if","locations":[{"start":{"line":20,"column":12},"end":{"line":22,"column":13}},{"start":{},"end":{}}],"line":20}},"s":{"0":0,"1":0,"2":0,"3":0,"4":0,"5":0,"6":0,"7":0,"8":0,"9":0,"10":0,"11":0,"12":0,"13":0,"14":0,"15":0,"16":0,"17":0},"f":{"0":0},"b":{"0":[0,0],"1":[0,0]}}
,"/Users/iandavis/Desktop/Projects/OswaldOperationSpan/oswald_operation_span/frontend/src/results/MathResult.ts": {"path":"/Users/iandavis/Desktop/Projects/OswaldOperationSpan/oswald_operation_span/frontend/src/results/MathResult.ts","statementMap":{},"fnMap":{},"branchMap":{},"s":{},"f":{},"b":{}}
,"/Users/iandavis/Desktop/Projects/OswaldOperationSpan/oswald_operation_span/frontend/src/states/AppState.ts": {"path":"/Users/iandavis/Desktop/Projects/OswaldOperationSpan/oswald_operation_span/frontend/src/states/AppState.ts","statementMap":{"0":{"start":{"line":14,"column":8},"end":{"line":14,"column":35}},"1":{"start":{"line":20,"column":8},"end":{"line":20,"column":45}},"2":{"start":{"line":26,"column":8},"end":{"line":26,"column":42}},"3":{"start":{"line":34,"column":8},"end":{"line":34,"column":42}},"4":{"start":{"line":36,"column":8},"end":{"line":36,"column":45}},"5":{"start":{"line":44,"column":8},"end":{"line":44,"column":47}},"6":{"start":{"line":46,"column":8},"end":{"line":46,"column":45}},"7":{"start":{"line":52,"column":8},"end":{"line":52,"column":49}},"8":{"start":{"line":58,"column":8},"end":{"line":58,"column":48}}},"fnMap":{"0":{"name":"(anonymous_0)","decl":{"start":{"line":13,"column":4},"end":{"line":13,"column":5}},"loc":{"start":{"line":13,"column":51},"end":{"line":15,"column":5}},"line":13},"1":{"name":"(anonymous_1)","decl":{"start":{"line":19,"column":4},"end":{"line":19,"column":5}},"loc":{"start":{"line":19,"column":18},"end":{"line":21,"column":5}},"line":19},"2":{"name":"(anonymous_2)","decl":{"start":{"line":25,"column":4},"end":{"line":25,"column":5}},"loc":{"start":{"line":25,"column":18},"end":{"line":27,"column":5}},"line":25},"3":{"name":"(anonymous_3)","decl":{"start":{"line":33,"column":4},"end":{"line":33,"column":5}},"loc":{"start":{"line":33,"column":45},"end":{"line":37,"column":5}},"line":33},"4":{"name":"(anonymous_4)","decl":{"start":{"line":43,"column":4},"end":{"line":43,"column":5}},"loc":{"start":{"line":43,"column":45},"end":{"line":47,"column":5}},"line":43},"5":{"name":"(anonymous_5)","decl":{"start":{"line":51,"column":4},"end":{"line":51,"column":5}},"loc":{"start":{"line":51,"column":18},"end":{"line":53,"column":5}},"line":51},"6":{"name":"(anonymous_6)","decl":{"start":{"line":57,"column":4},"end":{"line":57,"column":5}},"loc":{"start":{"line":57,"column":18},"end":{"line":59,"column":5}},"line":57}},"branchMap":{"0":{"loc":{"start":{"line":33,"column":16},"end":{"line":33,"column":43}},"type":"default-arg","locations":[{"start":{"line":33,"column":41},"end":{"line":33,"column":43}}],"line":33},"1":{"loc":{"start":{"line":43,"column":16},"end":{"line":43,"column":43}},"type":"default-arg","locations":[{"start":{"line":43,"column":41},"end":{"line":43,"column":43}}],"line":43}},"s":{"0":0,"1":0,"2":0,"3":0,"4":0,"5":0,"6":0,"7":0,"8":0},"f":{"0":0,"1":0,"2":0,"3":0,"4":0,"5":0,"6":0},"b":{"0":[0],"1":[0]}}
,"/Users/iandavis/Desktop/Projects/OswaldOperationSpan/oswald_operation_span/frontend/src/states/ExperimentState.ts": {"path":"/Users/iandavis/Desktop/Projects/OswaldOperationSpan/oswald_operation_span/frontend/src/states/ExperimentState.ts","statementMap":{"0":{"start":{"line":29,"column":8},"end":{"line":29,"column":35}},"1":{"start":{"line":35,"column":8},"end":{"line":35,"column":45}},"2":{"start":{"line":46,"column":8},"end":{"line":46,"column":48}},"3":{"start":{"line":47,"column":8},"end":{"line":47,"column":37}},"4":{"start":{"line":48,"column":8},"end":{"line":48,"column":51}},"5":{"start":{"line":49,"column":8},"end":{"line":49,"column":51}},"6":{"start":{"line":50,"column":8},"end":{"line":50,"column":51}}},"fnMap":{"0":{"name":"(anonymous_0)","decl":{"start":{"line":28,"column":4},"end":{"line":28,"column":5}},"loc":{"start":{"line":28,"column":58},"end":{"line":30,"column":5}},"line":28},"1":{"name":"(anonymous_1)","decl":{"start":{"line":34,"column":4},"end":{"line":34,"column":5}},"loc":{"start":{"line":34,"column":18},"end":{"line":36,"column":5}},"line":34},"2":{"name":"(anonymous_2)","decl":{"start":{"line":45,"column":4},"end":{"line":45,"column":5}},"loc":{"start":{"line":45,"column":41},"end":{"line":51,"column":5}},"line":45}},"branchMap":{},"s":{"0":0,"1":0,"2":0,"3":0,"4":0,"5":0,"6":0},"f":{"0":0,"1":0,"2":0},"b":{}}
,"/Users/iandavis/Desktop/Projects/OswaldOperationSpan/oswald_operation_span/frontend/src/states/InstructionsStates.ts": {"path":"/Users/iandavis/Desktop/Projects/OswaldOperationSpan/oswald_operation_span/frontend/src/states/InstructionsStates.ts","statementMap":{"0":{"start":{"line":5,"column":8},"end":{"line":5,"column":56}},"1":{"start":{"line":11,"column":8},"end":{"line":11,"column":56}},"2":{"start":{"line":17,"column":8},"end":{"line":17,"column":56}},"3":{"start":{"line":23,"column":8},"end":{"line":23,"column":58}},"4":{"start":{"line":29,"column":8},"end":{"line":29,"column":58}},"5":{"start":{"line":35,"column":8},"end":{"line":35,"column":58}},"6":{"start":{"line":41,"column":8},"end":{"line":41,"column":58}},"7":{"start":{"line":47,"column":8},"end":{"line":47,"column":58}},"8":{"start":{"line":53,"column":8},"end":{"line":53,"column":58}},"9":{"start":{"line":59,"column":8},"end":{"line":59,"column":59}}},"fnMap":{"0":{"name":"(anonymous_0)","decl":{"start":{"line":4,"column":4},"end":{"line":4,"column":5}},"loc":{"start":{"line":4,"column":18},"end":{"line":6,"column":5}},"line":4},"1":{"name":"(anonymous_1)","decl":{"start":{"line":10,"column":4},"end":{"line":10,"column":5}},"loc":{"start":{"line":10,"column":18},"end":{"line":12,"column":5}},"line":10},"2":{"name":"(anonymous_2)","decl":{"start":{"line":16,"column":4},"end":{"line":16,"column":5}},"loc":{"start":{"line":16,"column":18},"end":{"line":18,"column":5}},"line":16},"3":{"name":"(anonymous_3)","decl":{"start":{"line":22,"column":4},"end":{"line":22,"column":5}},"loc":{"start":{"line":22,"column":18},"end":{"line":24,"column":5}},"line":22},"4":{"name":"(anonymous_4)","decl":{"start":{"line":28,"column":4},"end":{"line":28,"column":5}},"loc":{"start":{"line":28,"column":18},"end":{"line":30,"column":5}},"line":28},"5":{"name":"(anonymous_5)","decl":{"start":{"line":34,"column":4},"end":{"line":34,"column":5}},"loc":{"start":{"line":34,"column":18},"end":{"line":36,"column":5}},"line":34},"6":{"name":"(anonymous_6)","decl":{"start":{"line":40,"column":4},"end":{"line":40,"column":5}},"loc":{"start":{"line":40,"column":18},"end":{"line":42,"column":5}},"line":40},"7":{"name":"(anonymous_7)","decl":{"start":{"line":46,"column":4},"end":{"line":46,"column":5}},"loc":{"start":{"line":46,"column":18},"end":{"line":48,"column":5}},"line":46},"8":{"name":"(anonymous_8)","decl":{"start":{"line":52,"column":4},"end":{"line":52,"column":5}},"loc":{"start":{"line":52,"column":18},"end":{"line":54,"column":5}},"line":52},"9":{"name":"(anonymous_9)","decl":{"start":{"line":58,"column":4},"end":{"line":58,"column":5}},"loc":{"start":{"line":58,"column":18},"end":{"line":60,"column":5}},"line":58}},"branchMap":{},"s":{"0":0,"1":0,"2":0,"3":0,"4":0,"5":0,"6":0,"7":0,"8":0,"9":0},"f":{"0":0,"1":0,"2":0,"3":0,"4":0,"5":0,"6":0,"7":0,"8":0,"9":0},"b":{}}
,"/Users/iandavis/Desktop/Projects/OswaldOperationSpan/oswald_operation_span/frontend/src/states/LetterStates.ts": {"path":"/Users/iandavis/Desktop/Projects/OswaldOperationSpan/oswald_operation_span/frontend/src/states/LetterStates.ts","statementMap":{"0":{"start":{"line":7,"column":8},"end":{"line":7,"column":50}},"1":{"start":{"line":8,"column":8},"end":{"line":8,"column":29}},"2":{"start":{"line":14,"column":8},"end":{"line":14,"column":49}},"3":{"start":{"line":20,"column":8},"end":{"line":20,"column":48}},"4":{"start":{"line":29,"column":8},"end":{"line":29,"column":68}},"5":{"start":{"line":30,"column":8},"end":{"line":30,"column":43}},"6":{"start":{"line":31,"column":8},"end":{"line":31,"column":39}}},"fnMap":{"0":{"name":"(anonymous_0)","decl":{"start":{"line":6,"column":4},"end":{"line":6,"column":5}},"loc":{"start":{"line":6,"column":32},"end":{"line":9,"column":5}},"line":6},"1":{"name":"(anonymous_1)","decl":{"start":{"line":13,"column":4},"end":{"line":13,"column":5}},"loc":{"start":{"line":13,"column":18},"end":{"line":15,"column":5}},"line":13},"2":{"name":"(anonymous_2)","decl":{"start":{"line":19,"column":4},"end":{"line":19,"column":5}},"loc":{"start":{"line":19,"column":18},"end":{"line":21,"column":5}},"line":19},"3":{"name":"(anonymous_3)","decl":{"start":{"line":28,"column":4},"end":{"line":28,"column":5}},"loc":{"start":{"line":28,"column":60},"end":{"line":32,"column":5}},"line":28}},"branchMap":{},"s":{"0":0,"1":0,"2":0,"3":0,"4":0,"5":0,"6":0},"f":{"0":0,"1":0,"2":0,"3":0},"b":{}}
,"/Users/iandavis/Desktop/Projects/OswaldOperationSpan/oswald_operation_span/frontend/src/states/MathStates.ts": {"path":"/Users/iandavis/Desktop/Projects/OswaldOperationSpan/oswald_operation_span/frontend/src/states/MathStates.ts","statementMap":{},"fnMap":{},"branchMap":{},"s":{},"f":{},"b":{}}
,"/Users/iandavis/Desktop/Projects/OswaldOperationSpan/oswald_operation_span/frontend/src/stimuli/letters.ts": {"path":"/Users/iandavis/Desktop/Projects/OswaldOperationSpan/oswald_operation_span/frontend/src/stimuli/letters.ts","statementMap":{"0":{"start":{"line":1,"column":23},"end":{"line":6,"column":1}},"1":{"start":{"line":9,"column":14},"end":{"line":9,"column":16}},"2":{"start":{"line":11,"column":4},"end":{"line":14,"column":5}},"3":{"start":{"line":11,"column":17},"end":{"line":11,"column":18}},"4":{"start":{"line":12,"column":20},"end":{"line":12,"column":62}},"5":{"start":{"line":13,"column":8},"end":{"line":13,"column":33}},"6":{"start":{"line":16,"column":4},"end":{"line":16,"column":42}},"7":{"start":{"line":17,"column":4},"end":{"line":17,"column":15}}},"fnMap":{"0":{"name":"generateLetterSet","decl":{"start":{"line":8,"column":16},"end":{"line":8,"column":33}},"loc":{"start":{"line":8,"column":50},"end":{"line":18,"column":1}},"line":8}},"branchMap":{},"s":{"0":1,"1":4,"2":4,"3":4,"4":25,"5":25,"6":4,"7":4},"f":{"0":4},"b":{},"_coverageSchema":"1a1c01bbd47fc00a2c39e90264f33305004495a9","hash":"09d6793b1d3c3ec175415e9eee3a8e27c0a2d3a3"}
,"/Users/iandavis/Desktop/Projects/OswaldOperationSpan/oswald_operation_span/frontend/src/stimuli/math_problems.ts": {"path":"/Users/iandavis/Desktop/Projects/OswaldOperationSpan/oswald_operation_span/frontend/src/stimuli/math_problems.ts","statementMap":{"0":{"start":{"line":15,"column":53},"end":{"line":15,"column":55}},"1":{"start":{"line":16,"column":25},"end":{"line":16,"column":47}},"2":{"start":{"line":17,"column":26},"end":{"line":17,"column":48}},"3":{"start":{"line":18,"column":24},"end":{"line":18,"column":25}},"4":{"start":{"line":19,"column":25},"end":{"line":19,"column":26}},"5":{"start":{"line":21,"column":4},"end":{"line":56,"column":5}},"6":{"start":{"line":21,"column":17},"end":{"line":21,"column":18}},"7":{"start":{"line":22,"column":24},"end":{"line":22,"column":37}},"8":{"start":{"line":23,"column":49},"end":{"line":23,"column":51}},"9":{"start":{"line":25,"column":8},"end":{"line":53,"column":9}},"10":{"start":{"line":25,"column":21},"end":{"line":25,"column":22}},"11":{"start":{"line":26,"column":22},"end":{"line":26,"column":51}},"12":{"start":{"line":27,"column":22},"end":{"line":27,"column":53}},"13":{"start":{"line":28,"column":25},"end":{"line":28,"column":42}},"14":{"start":{"line":30,"column":28},"end":{"line":30,"column":43}},"15":{"start":{"line":32,"column":12},"end":{"line":34,"column":13}},"16":{"start":{"line":33,"column":16},"end":{"line":33,"column":47}},"17":{"start":{"line":36,"column":12},"end":{"line":42,"column":15}},"18":{"start":{"line":43,"column":12},"end":{"line":43,"column":28}},"19":{"start":{"line":44,"column":12},"end":{"line":44,"column":29}},"20":{"start":{"line":46,"column":12},"end":{"line":48,"column":13}},"21":{"start":{"line":47,"column":16},"end":{"line":47,"column":34}},"22":{"start":{"line":50,"column":12},"end":{"line":52,"column":13}},"23":{"start":{"line":51,"column":16},"end":{"line":51,"column":35}},"24":{"start":{"line":55,"column":8},"end":{"line":55,"column":23}},"25":{"start":{"line":58,"column":4},"end":{"line":58,"column":16}}},"fnMap":{"0":{"name":"generateMathSets","decl":{"start":{"line":14,"column":24},"end":{"line":14,"column":40}},"loc":{"start":{"line":14,"column":106},"end":{"line":59,"column":1}},"line":14}},"branchMap":{"0":{"loc":{"start":{"line":32,"column":12},"end":{"line":34,"column":13}},"type":"if","locations":[{"start":{"line":32,"column":12},"end":{"line":34,"column":13}},{"start":{},"end":{}}],"line":32},"1":{"loc":{"start":{"line":46,"column":12},"end":{"line":48,"column":13}},"type":"if","locations":[{"start":{"line":46,"column":12},"end":{"line":48,"column":13}},{"start":{},"end":{}}],"line":46},"2":{"loc":{"start":{"line":50,"column":12},"end":{"line":52,"column":13}},"type":"if","locations":[{"start":{"line":50,"column":12},"end":{"line":52,"column":13}},{"start":{},"end":{}}],"line":50}},"s":{"0":5,"1":5,"2":5,"3":5,"4":5,"5":5,"6":5,"7":11,"8":11,"9":11,"10":11,"11":210,"12":210,"13":210,"14":210,"15":210,"16":123,"17":210,"18":210,"19":210,"20":210,"21":4,"22":210,"23":10,"24":11,"25":5},"f":{"0":5},"b":{"0":[123,87],"1":[4,206],"2":[10,200]},"_coverageSchema":"1a1c01bbd47fc00a2c39e90264f33305004495a9","hash":"f6fbfbb5ac1a0c37822d5349795ea57658b2c6c7"}
,"/Users/iandavis/Desktop/Projects/OswaldOperationSpan/oswald_operation_span/frontend/src/stimuli/practice_problems.ts": {"path":"/Users/iandavis/Desktop/Projects/OswaldOperationSpan/oswald_operation_span/frontend/src/stimuli/practice_problems.ts","statementMap":{"0":{"start":{"line":12,"column":54},"end":{"line":12,"column":56}},"1":{"start":{"line":13,"column":25},"end":{"line":13,"column":51}},"2":{"start":{"line":14,"column":24},"end":{"line":14,"column":25}},"3":{"start":{"line":16,"column":4},"end":{"line":37,"column":5}},"4":{"start":{"line":16,"column":17},"end":{"line":16,"column":18}},"5":{"start":{"line":17,"column":24},"end":{"line":17,"column":37}},"6":{"start":{"line":18,"column":50},"end":{"line":18,"column":52}},"7":{"start":{"line":20,"column":8},"end":{"line":34,"column":9}},"8":{"start":{"line":20,"column":21},"end":{"line":20,"column":22}},"9":{"start":{"line":21,"column":26},"end":{"line":21,"column":55}},"10":{"start":{"line":22,"column":12},"end":{"line":26,"column":15}},"11":{"start":{"line":28,"column":12},"end":{"line":28,"column":28}},"12":{"start":{"line":30,"column":12},"end":{"line":33,"column":13}},"13":{"start":{"line":32,"column":16},"end":{"line":32,"column":34}},"14":{"start":{"line":36,"column":8},"end":{"line":36,"column":23}},"15":{"start":{"line":39,"column":4},"end":{"line":39,"column":16}}},"fnMap":{"0":{"name":"generatePracticeProblems","decl":{"start":{"line":11,"column":24},"end":{"line":11,"column":48}},"loc":{"start":{"line":11,"column":120},"end":{"line":40,"column":1}},"line":11}},"branchMap":{"0":{"loc":{"start":{"line":30,"column":12},"end":{"line":33,"column":13}},"type":"if","locations":[{"start":{"line":30,"column":12},"end":{"line":33,"column":13}},{"start":{},"end":{}}],"line":30}},"s":{"0":5,"1":5,"2":5,"3":5,"4":5,"5":11,"6":11,"7":11,"8":11,"9":83,"10":83,"11":83,"12":83,"13":4,"14":11,"15":5},"f":{"0":5},"b":{"0":[4,79]},"_coverageSchema":"1a1c01bbd47fc00a2c39e90264f33305004495a9","hash":"5358f7bd5762071c49119d5bebe39698c83ab565"}
,"/Users/iandavis/Desktop/Projects/OswaldOperationSpan/oswald_operation_span/frontend/src/utils/array_shuffle.ts": {"path":"/Users/iandavis/Desktop/Projects/OswaldOperationSpan/oswald_operation_span/frontend/src/utils/array_shuffle.ts","statementMap":{"0":{"start":{"line":2,"column":21},"end":{"line":2,"column":33}},"1":{"start":{"line":5,"column":2},"end":{"line":15,"column":3}},"2":{"start":{"line":8,"column":4},"end":{"line":8,"column":59}},"3":{"start":{"line":9,"column":4},"end":{"line":9,"column":22}},"4":{"start":{"line":12,"column":4},"end":{"line":12,"column":41}},"5":{"start":{"line":13,"column":4},"end":{"line":13,"column":45}},"6":{"start":{"line":14,"column":4},"end":{"line":14,"column":40}},"7":{"start":{"line":17,"column":2},"end":{"line":17,"column":15}}},"fnMap":{"0":{"name":"shuffle","decl":{"start":{"line":1,"column":16},"end":{"line":1,"column":23}},"loc":{"start":{"line":1,"column":43},"end":{"line":18,"column":1}},"line":1}},"branchMap":{},"s":{"0":15,"1":15,"2":410,"3":410,"4":410,"5":410,"6":410,"7":15},"f":{"0":15},"b":{},"_coverageSchema":"1a1c01bbd47fc00a2c39e90264f33305004495a9","hash":"4704d7de482944496054ba117bd54d9bdd282b77"}
,"/Users/iandavis/Desktop/Projects/OswaldOperationSpan/oswald_operation_span/frontend/src/utils/async.ts": {"path":"/Users/iandavis/Desktop/Projects/OswaldOperationSpan/oswald_operation_span/frontend/src/utils/async.ts","statementMap":{"0":{"start":{"line":2,"column":2},"end":{"line":6,"column":5}},"1":{"start":{"line":3,"column":4},"end":{"line":5,"column":11}},"2":{"start":{"line":4,"column":6},"end":{"line":4,"column":16}}},"fnMap":{"0":{"name":"wait","decl":{"start":{"line":1,"column":22},"end":{"line":1,"column":26}},"loc":{"start":{"line":1,"column":54},"end":{"line":7,"column":1}},"line":1},"1":{"name":"(anonymous_1)","decl":{"start":{"line":2,"column":27},"end":{"line":2,"column":28}},"loc":{"start":{"line":2,"column":43},"end":{"line":6,"column":3}},"line":2},"2":{"name":"(anonymous_2)","decl":{"start":{"line":3,"column":15},"end":{"line":3,"column":16}},"loc":{"start":{"line":3,"column":21},"end":{"line":5,"column":5}},"line":3}},"branchMap":{},"s":{"0":1,"1":1,"2":1},"f":{"0":1,"1":1,"2":1},"b":{},"_coverageSchema":"1a1c01bbd47fc00a2c39e90264f33305004495a9","hash":"0f3866a477609f5777b72fb51ec489f85027e894"}
,"/Users/iandavis/Desktop/Projects/OswaldOperationSpan/oswald_operation_span/frontend/src/utils/dimensional_array.ts": {"path":"/Users/iandavis/Desktop/Projects/OswaldOperationSpan/oswald_operation_span/frontend/src/utils/dimensional_array.ts","statementMap":{"0":{"start":{"line":3,"column":4},"end":{"line":3,"column":67}}},"fnMap":{"0":{"name":"lookupFlatIndex","decl":{"start":{"line":2,"column":16},"end":{"line":2,"column":31}},"loc":{"start":{"line":2,"column":89},"end":{"line":4,"column":1}},"line":2}},"branchMap":{},"s":{"0":9},"f":{"0":9},"b":{},"_coverageSchema":"1a1c01bbd47fc00a2c39e90264f33305004495a9","hash":"ec3a00ffd7fb20fb1f2644a05001ef83f86a3474"}
,"/Users/iandavis/Desktop/Projects/OswaldOperationSpan/oswald_operation_span/frontend/src/utils/random.ts": {"path":"/Users/iandavis/Desktop/Projects/OswaldOperationSpan/oswald_operation_span/frontend/src/utils/random.ts","statementMap":{"0":{"start":{"line":2,"column":4},"end":{"line":2,"column":31}},"1":{"start":{"line":6,"column":4},"end":{"line":6,"column":61}}},"fnMap":{"0":{"name":"randomBoolean","decl":{"start":{"line":1,"column":16},"end":{"line":1,"column":29}},"loc":{"start":{"line":1,"column":41},"end":{"line":3,"column":1}},"line":1},"1":{"name":"randomInRange","decl":{"start":{"line":5,"column":16},"end":{"line":5,"column":29}},"loc":{"start":{"line":5,"column":65},"end":{"line":7,"column":1}},"line":5}},"branchMap":{},"s":{"0":10210,"1":10123},"f":{"0":10210,"1":10123},"b":{},"_coverageSchema":"1a1c01bbd47fc00a2c39e90264f33305004495a9","hash":"62cef1f103aae72fb36ac81995788362ae8a2f03"}
}
